<?xml version="1.0" encoding="UTF-8"?>
<!-- Generated by org.testng.reporters.JUnitReportReporter -->
<testsuite hostname="IN-PG02H8SH" failures="0" tests="1" name="com.test.SearchPageTest" time="6.373" errors="0" timestamp="2023-01-06T23:29:46 IST" skipped="0">
  <testcase classname="com.test.SearchPageTest" name="Search" time="6.373"/>
  <system-out/>
</testsuite> <!-- com.test.SearchPageTest -->
