<?xml version="1.0" encoding="UTF-8"?>
<!-- Generated by org.testng.reporters.JUnitReportReporter -->
<testsuite hostname="IN-PG02H8SH" failures="0" tests="3" name="com.test.FlightBookingPageTest" time="51.242" errors="0" timestamp="2023-01-06T23:29:46 IST" skipped="0">
  <testcase classname="com.test.FlightBookingPageTest" name="flightBooking" time="18.238"/>
  <system-out/>
  <testcase classname="com.test.FlightBookingPageTest" name="bookHotel" time="16.927"/>
  <system-out/>
  <testcase classname="com.test.FlightBookingPageTest" name="holidayPackage" time="16.077"/>
  <system-out/>
</testsuite> <!-- com.test.FlightBookingPageTest -->
